
Collecting usage statistics. To deactivate, set browser.gatherUsageStats to false.


  You can now view your Streamlit app in your browser.

  Local URL: http://localhost:8501
  Network URL: http://172.28.0.12:8501
  External URL: http://34.13.197.250:8501

2025-01-29 17:15:48.919 Uncaught app execution
Traceback (most recent call last):
  File "/usr/local/lib/python3.11/dist-packages/streamlit/runtime/scriptrunner/exec_code.py", line 88, in exec_func_with_error_handling
    result = func()
             ^^^^^^
  File "/usr/local/lib/python3.11/dist-packages/streamlit/runtime/scriptrunner/script_runner.py", line 579, in code_to_exec
    exec(code, module.__dict__)
  File "/content/drive/MyDrive/Colab Notebooks/p1 intern/sms-spam-detection/streamlit_app.py", line 9, in <module>
    with open(model_path, "rb") as model_file:
         ^^^^^^^^^^^^^^^^^^^^^^
FileNotFoundError: [Errno 2] No such file or directory: '/content/drive/MyDrive/Colab Notebooks/p1 intern/TextSafe-main/TextSafe-main/model.pkl'
/usr/local/lib/python3.11/dist-packages/sklearn/base.py:376: InconsistentVersionWarning: Trying to unpickle estimator MultinomialNB from version 1.4.2 when using version 1.5.2. This might lead to breaking code or invalid results. Use at your own risk. For more info please refer to:
https://scikit-learn.org/stable/model_persistence.html#security-maintainability-limitations
  warnings.warn(
/usr/local/lib/python3.11/dist-packages/sklearn/base.py:376: InconsistentVersionWarning: Trying to unpickle estimator TfidfTransformer from version 1.4.2 when using version 1.5.2. This might lead to breaking code or invalid results. Use at your own risk. For more info please refer to:
https://scikit-learn.org/stable/model_persistence.html#security-maintainability-limitations
  warnings.warn(
/usr/local/lib/python3.11/dist-packages/sklearn/base.py:376: InconsistentVersionWarning: Trying to unpickle estimator TfidfVectorizer from version 1.4.2 when using version 1.5.2. This might lead to breaking code or invalid results. Use at your own risk. For more info please refer to:
https://scikit-learn.org/stable/model_persistence.html#security-maintainability-limitations
  warnings.warn(
